<?xml version="1.0" encoding="UTF-8"?>
<!-- Generated by org.testng.reporters.JUnitXMLReporter -->
<testsuite hostname="lenovo" name="Surefire test" tests="17" failures="0" timestamp="18 Oct 2016 22:20:25 GMT" time="0.775" errors="0">
  <testcase name="testSnapshotDependencyErrorAndArtifactDependencyErrorAreNotEqual" time="0.007" classname="sferencik.teamcity.sincity.BuildProblemDataWithCustomComparatorTest"/>
  <testcase name="testTwoArtifactDependencyErrorsAreEqual" time="0.001" classname="sferencik.teamcity.sincity.BuildProblemDataWithCustomComparatorTest"/>
  <testcase name="testTwoSnapshotDependencyErrorsAreEqual" time="0.0" classname="sferencik.teamcity.sincity.BuildProblemDataWithCustomComparatorTest"/>
  <testcase name="testGetRelevantBuildProblems" time="0.09" classname="sferencik.teamcity.sincity.CulpritFinderTest"/>
  <testcase name="test00EmptyHistory" time="0.024" classname="sferencik.teamcity.sincity.failureCulpritOverview.AnalyserTest"/>
  <testcase name="test01NoOutstandingFailures" time="0.049" classname="sferencik.teamcity.sincity.failureCulpritOverview.AnalyserTest"/>
  <testcase name="test02OneChangeOneBuild" time="0.024" classname="sferencik.teamcity.sincity.failureCulpritOverview.AnalyserTest"/>
  <testcase name="test03NoChangeOneBuild" time="0.002" classname="sferencik.teamcity.sincity.failureCulpritOverview.AnalyserTest"/>
  <testcase name="test04MultipleChangesOneBuild" time="0.002" classname="sferencik.teamcity.sincity.failureCulpritOverview.AnalyserTest"/>
  <testcase name="test05FailingRecently" time="0.002" classname="sferencik.teamcity.sincity.failureCulpritOverview.AnalyserTest"/>
  <testcase name="test06NewTest" time="0.007" classname="sferencik.teamcity.sincity.failureCulpritOverview.AnalyserTest"/>
  <testcase name="test10Regression" time="0.002" classname="sferencik.teamcity.sincity.failureCulpritOverview.AnalyserTest"/>
  <testcase name="test01LinearHistory" time="0.003" classname="sferencik.teamcity.sincity.FinishedBuildWithChangesTest"/>
  <testcase name="test02RepeatedBuild" time="0.002" classname="sferencik.teamcity.sincity.FinishedBuildWithChangesTest"/>
  <testcase name="test03CulpritFinderForward" time="0.001" classname="sferencik.teamcity.sincity.FinishedBuildWithChangesTest"/>
  <testcase name="test04CulpritFinderBackward" time="0.001" classname="sferencik.teamcity.sincity.FinishedBuildWithChangesTest"/>
  <testcase name="test05NoChanges" time="0.001" classname="sferencik.teamcity.sincity.FinishedBuildWithChangesTest"/>
</testsuite> <!-- Surefire test -->
