<?xml version="1.0" encoding="UTF-8"?>
<testng-results skipped="0" failed="0" total="17" passed="17">
  <reporter-output>
  </reporter-output>
  <suite name="Surefire suite" duration-ms="775" started-at="2016-10-18T22:20:24Z" finished-at="2016-10-18T22:20:24Z">
    <groups>
    </groups>
    <test name="Surefire test" duration-ms="775" started-at="2016-10-18T22:20:24Z" finished-at="2016-10-18T22:20:24Z">
      <class name="sferencik.teamcity.sincity.FinishedBuildWithChangesTest">
        <test-method status="PASS" signature="SetUp()[pri:0, instance:sferencik.teamcity.sincity.FinishedBuildWithChangesTest@51081592]" name="SetUp" is-config="true" duration-ms="71" started-at="2016-10-19T00:20:24Z" finished-at="2016-10-19T00:20:24Z">
          <reporter-output>
          </reporter-output>
        </test-method> <!-- SetUp -->
        <test-method status="PASS" signature="test01LinearHistory()[pri:0, instance:sferencik.teamcity.sincity.FinishedBuildWithChangesTest@51081592]" name="test01LinearHistory" duration-ms="3" started-at="2016-10-19T00:20:24Z" finished-at="2016-10-19T00:20:24Z">
          <reporter-output>
          </reporter-output>
        </test-method> <!-- test01LinearHistory -->
        <test-method status="PASS" signature="test02RepeatedBuild()[pri:0, instance:sferencik.teamcity.sincity.FinishedBuildWithChangesTest@51081592]" name="test02RepeatedBuild" duration-ms="2" started-at="2016-10-19T00:20:24Z" finished-at="2016-10-19T00:20:24Z">
          <reporter-output>
          </reporter-output>
        </test-method> <!-- test02RepeatedBuild -->
        <test-method status="PASS" signature="SetUp()[pri:0, instance:sferencik.teamcity.sincity.FinishedBuildWithChangesTest@51081592]" name="SetUp" is-config="true" duration-ms="0" started-at="2016-10-19T00:20:24Z" finished-at="2016-10-19T00:20:24Z">
          <reporter-output>
          </reporter-output>
        </test-method> <!-- SetUp -->
        <test-method status="PASS" signature="SetUp()[pri:0, instance:sferencik.teamcity.sincity.FinishedBuildWithChangesTest@51081592]" name="SetUp" is-config="true" duration-ms="0" started-at="2016-10-19T00:20:24Z" finished-at="2016-10-19T00:20:24Z">
          <reporter-output>
          </reporter-output>
        </test-method> <!-- SetUp -->
        <test-method status="PASS" signature="test03CulpritFinderForward()[pri:0, instance:sferencik.teamcity.sincity.FinishedBuildWithChangesTest@51081592]" name="test03CulpritFinderForward" duration-ms="1" started-at="2016-10-19T00:20:24Z" finished-at="2016-10-19T00:20:24Z">
          <reporter-output>
          </reporter-output>
        </test-method> <!-- test03CulpritFinderForward -->
        <test-method status="PASS" signature="SetUp()[pri:0, instance:sferencik.teamcity.sincity.FinishedBuildWithChangesTest@51081592]" name="SetUp" is-config="true" duration-ms="2" started-at="2016-10-19T00:20:24Z" finished-at="2016-10-19T00:20:24Z">
          <reporter-output>
          </reporter-output>
        </test-method> <!-- SetUp -->
        <test-method status="PASS" signature="test04CulpritFinderBackward()[pri:0, instance:sferencik.teamcity.sincity.FinishedBuildWithChangesTest@51081592]" name="test04CulpritFinderBackward" duration-ms="1" started-at="2016-10-19T00:20:24Z" finished-at="2016-10-19T00:20:24Z">
          <reporter-output>
          </reporter-output>
        </test-method> <!-- test04CulpritFinderBackward -->
        <test-method status="PASS" signature="test05NoChanges()[pri:0, instance:sferencik.teamcity.sincity.FinishedBuildWithChangesTest@51081592]" name="test05NoChanges" duration-ms="1" started-at="2016-10-19T00:20:24Z" finished-at="2016-10-19T00:20:24Z">
          <reporter-output>
          </reporter-output>
        </test-method> <!-- test05NoChanges -->
        <test-method status="PASS" signature="SetUp()[pri:0, instance:sferencik.teamcity.sincity.FinishedBuildWithChangesTest@51081592]" name="SetUp" is-config="true" duration-ms="0" started-at="2016-10-19T00:20:24Z" finished-at="2016-10-19T00:20:24Z">
          <reporter-output>
          </reporter-output>
        </test-method> <!-- SetUp -->
      </class> <!-- sferencik.teamcity.sincity.FinishedBuildWithChangesTest -->
      <class name="sferencik.teamcity.sincity.failureCulpritOverview.AnalyserTest">
        <test-method status="PASS" signature="SetUp()[pri:0, instance:sferencik.teamcity.sincity.failureCulpritOverview.AnalyserTest@4678c730]" name="SetUp" is-config="true" duration-ms="324" started-at="2016-10-19T00:20:24Z" finished-at="2016-10-19T00:20:24Z">
          <reporter-output>
          </reporter-output>
        </test-method> <!-- SetUp -->
        <test-method status="PASS" signature="test00EmptyHistory()[pri:0, instance:sferencik.teamcity.sincity.failureCulpritOverview.AnalyserTest@4678c730]" name="test00EmptyHistory" duration-ms="24" started-at="2016-10-19T00:20:24Z" finished-at="2016-10-19T00:20:24Z">
          <reporter-output>
          </reporter-output>
        </test-method> <!-- test00EmptyHistory -->
        <test-method status="PASS" signature="SetUp()[pri:0, instance:sferencik.teamcity.sincity.failureCulpritOverview.AnalyserTest@4678c730]" name="SetUp" is-config="true" duration-ms="1" started-at="2016-10-19T00:20:24Z" finished-at="2016-10-19T00:20:24Z">
          <reporter-output>
          </reporter-output>
        </test-method> <!-- SetUp -->
        <test-method status="PASS" signature="test01NoOutstandingFailures()[pri:0, instance:sferencik.teamcity.sincity.failureCulpritOverview.AnalyserTest@4678c730]" name="test01NoOutstandingFailures" duration-ms="49" started-at="2016-10-19T00:20:24Z" finished-at="2016-10-19T00:20:24Z">
          <reporter-output>
          </reporter-output>
        </test-method> <!-- test01NoOutstandingFailures -->
        <test-method status="PASS" signature="SetUp()[pri:0, instance:sferencik.teamcity.sincity.failureCulpritOverview.AnalyserTest@4678c730]" name="SetUp" is-config="true" duration-ms="3" started-at="2016-10-19T00:20:24Z" finished-at="2016-10-19T00:20:24Z">
          <reporter-output>
          </reporter-output>
        </test-method> <!-- SetUp -->
        <test-method status="PASS" signature="test02OneChangeOneBuild()[pri:0, instance:sferencik.teamcity.sincity.failureCulpritOverview.AnalyserTest@4678c730]" name="test02OneChangeOneBuild" duration-ms="24" started-at="2016-10-19T00:20:24Z" finished-at="2016-10-19T00:20:24Z">
          <reporter-output>
          </reporter-output>
        </test-method> <!-- test02OneChangeOneBuild -->
        <test-method status="PASS" signature="SetUp()[pri:0, instance:sferencik.teamcity.sincity.failureCulpritOverview.AnalyserTest@4678c730]" name="SetUp" is-config="true" duration-ms="2" started-at="2016-10-19T00:20:24Z" finished-at="2016-10-19T00:20:24Z">
          <reporter-output>
          </reporter-output>
        </test-method> <!-- SetUp -->
        <test-method status="PASS" signature="test03NoChangeOneBuild()[pri:0, instance:sferencik.teamcity.sincity.failureCulpritOverview.AnalyserTest@4678c730]" name="test03NoChangeOneBuild" duration-ms="2" started-at="2016-10-19T00:20:24Z" finished-at="2016-10-19T00:20:24Z">
          <reporter-output>
          </reporter-output>
        </test-method> <!-- test03NoChangeOneBuild -->
        <test-method status="PASS" signature="SetUp()[pri:0, instance:sferencik.teamcity.sincity.failureCulpritOverview.AnalyserTest@4678c730]" name="SetUp" is-config="true" duration-ms="2" started-at="2016-10-19T00:20:24Z" finished-at="2016-10-19T00:20:24Z">
          <reporter-output>
          </reporter-output>
        </test-method> <!-- SetUp -->
        <test-method status="PASS" signature="test04MultipleChangesOneBuild()[pri:0, instance:sferencik.teamcity.sincity.failureCulpritOverview.AnalyserTest@4678c730]" name="test04MultipleChangesOneBuild" duration-ms="2" started-at="2016-10-19T00:20:24Z" finished-at="2016-10-19T00:20:24Z">
          <reporter-output>
          </reporter-output>
        </test-method> <!-- test04MultipleChangesOneBuild -->
        <test-method status="PASS" signature="SetUp()[pri:0, instance:sferencik.teamcity.sincity.failureCulpritOverview.AnalyserTest@4678c730]" name="SetUp" is-config="true" duration-ms="1" started-at="2016-10-19T00:20:24Z" finished-at="2016-10-19T00:20:24Z">
          <reporter-output>
          </reporter-output>
        </test-method> <!-- SetUp -->
        <test-method status="PASS" signature="test05FailingRecently()[pri:0, instance:sferencik.teamcity.sincity.failureCulpritOverview.AnalyserTest@4678c730]" name="test05FailingRecently" duration-ms="2" started-at="2016-10-19T00:20:24Z" finished-at="2016-10-19T00:20:24Z">
          <reporter-output>
          </reporter-output>
        </test-method> <!-- test05FailingRecently -->
        <test-method status="PASS" signature="SetUp()[pri:0, instance:sferencik.teamcity.sincity.failureCulpritOverview.AnalyserTest@4678c730]" name="SetUp" is-config="true" duration-ms="2" started-at="2016-10-19T00:20:24Z" finished-at="2016-10-19T00:20:24Z">
          <reporter-output>
          </reporter-output>
        </test-method> <!-- SetUp -->
        <test-method status="PASS" signature="test06NewTest()[pri:0, instance:sferencik.teamcity.sincity.failureCulpritOverview.AnalyserTest@4678c730]" name="test06NewTest" duration-ms="7" started-at="2016-10-19T00:20:24Z" finished-at="2016-10-19T00:20:24Z">
          <reporter-output>
          </reporter-output>
        </test-method> <!-- test06NewTest -->
        <test-method status="PASS" signature="SetUp()[pri:0, instance:sferencik.teamcity.sincity.failureCulpritOverview.AnalyserTest@4678c730]" name="SetUp" is-config="true" duration-ms="1" started-at="2016-10-19T00:20:24Z" finished-at="2016-10-19T00:20:24Z">
          <reporter-output>
          </reporter-output>
        </test-method> <!-- SetUp -->
        <test-method status="PASS" signature="test10Regression()[pri:0, instance:sferencik.teamcity.sincity.failureCulpritOverview.AnalyserTest@4678c730]" name="test10Regression" duration-ms="2" started-at="2016-10-19T00:20:24Z" finished-at="2016-10-19T00:20:24Z">
          <reporter-output>
          </reporter-output>
        </test-method> <!-- test10Regression -->
      </class> <!-- sferencik.teamcity.sincity.failureCulpritOverview.AnalyserTest -->
      <class name="sferencik.teamcity.sincity.BuildProblemDataWithCustomComparatorTest">
        <test-method status="PASS" signature="SetUp()[pri:0, instance:sferencik.teamcity.sincity.BuildProblemDataWithCustomComparatorTest@68be2bc2]" name="SetUp" is-config="true" duration-ms="9" started-at="2016-10-19T00:20:24Z" finished-at="2016-10-19T00:20:24Z">
          <reporter-output>
          </reporter-output>
        </test-method> <!-- SetUp -->
        <test-method status="PASS" signature="testSnapshotDependencyErrorAndArtifactDependencyErrorAreNotEqual()[pri:0, instance:sferencik.teamcity.sincity.BuildProblemDataWithCustomComparatorTest@68be2bc2]" name="testSnapshotDependencyErrorAndArtifactDependencyErrorAreNotEqual" duration-ms="7" started-at="2016-10-19T00:20:24Z" finished-at="2016-10-19T00:20:24Z">
          <reporter-output>
          </reporter-output>
        </test-method> <!-- testSnapshotDependencyErrorAndArtifactDependencyErrorAreNotEqual -->
        <test-method status="PASS" signature="testTwoArtifactDependencyErrorsAreEqual()[pri:0, instance:sferencik.teamcity.sincity.BuildProblemDataWithCustomComparatorTest@68be2bc2]" name="testTwoArtifactDependencyErrorsAreEqual" duration-ms="1" started-at="2016-10-19T00:20:24Z" finished-at="2016-10-19T00:20:24Z">
          <reporter-output>
          </reporter-output>
        </test-method> <!-- testTwoArtifactDependencyErrorsAreEqual -->
        <test-method status="PASS" signature="SetUp()[pri:0, instance:sferencik.teamcity.sincity.BuildProblemDataWithCustomComparatorTest@68be2bc2]" name="SetUp" is-config="true" duration-ms="0" started-at="2016-10-19T00:20:24Z" finished-at="2016-10-19T00:20:24Z">
          <reporter-output>
          </reporter-output>
        </test-method> <!-- SetUp -->
        <test-method status="PASS" signature="SetUp()[pri:0, instance:sferencik.teamcity.sincity.BuildProblemDataWithCustomComparatorTest@68be2bc2]" name="SetUp" is-config="true" duration-ms="1" started-at="2016-10-19T00:20:24Z" finished-at="2016-10-19T00:20:24Z">
          <reporter-output>
          </reporter-output>
        </test-method> <!-- SetUp -->
        <test-method status="PASS" signature="testTwoSnapshotDependencyErrorsAreEqual()[pri:0, instance:sferencik.teamcity.sincity.BuildProblemDataWithCustomComparatorTest@68be2bc2]" name="testTwoSnapshotDependencyErrorsAreEqual" duration-ms="0" started-at="2016-10-19T00:20:24Z" finished-at="2016-10-19T00:20:24Z">
          <reporter-output>
          </reporter-output>
        </test-method> <!-- testTwoSnapshotDependencyErrorsAreEqual -->
      </class> <!-- sferencik.teamcity.sincity.BuildProblemDataWithCustomComparatorTest -->
      <class name="sferencik.teamcity.sincity.CulpritFinderTest">
        <test-method status="PASS" signature="SetUp()[pri:0, instance:sferencik.teamcity.sincity.CulpritFinderTest@20e2cbe0]" name="SetUp" is-config="true" duration-ms="114" started-at="2016-10-19T00:20:24Z" finished-at="2016-10-19T00:20:24Z">
          <reporter-output>
          </reporter-output>
        </test-method> <!-- SetUp -->
        <test-method status="PASS" signature="testGetRelevantBuildProblems()[pri:0, instance:sferencik.teamcity.sincity.CulpritFinderTest@20e2cbe0]" name="testGetRelevantBuildProblems" duration-ms="90" started-at="2016-10-19T00:20:24Z" finished-at="2016-10-19T00:20:24Z">
          <reporter-output>
          </reporter-output>
        </test-method> <!-- testGetRelevantBuildProblems -->
      </class> <!-- sferencik.teamcity.sincity.CulpritFinderTest -->
    </test> <!-- Surefire test -->
  </suite> <!-- Surefire suite -->
</testng-results>
