<?xml version="1.0" encoding="UTF-8"?>
<testsuite xmlns:xsi="http://www.w3.org/2001/XMLSchema-instance" xsi:schemaLocation="https://maven.apache.org/surefire/maven-surefire-plugin/xsd/surefire-test-report.xsd" name="TestSuite" time="1.562" tests="17" errors="0" skipped="0" failures="0">
  <properties>
[...]
</properties>
  <testcase name="testSnapshotDependencyErrorAndArtifactDependencyErrorAreNotEqual" classname="sferencik.teamcity.sincity.BuildProblemDataWithCustomComparatorTest" time="0.008"/>
  <testcase name="testTwoArtifactDependencyErrorsAreEqual" classname="sferencik.teamcity.sincity.BuildProblemDataWithCustomComparatorTest" time="0"/>
  <testcase name="testTwoSnapshotDependencyErrorsAreEqual" classname="sferencik.teamcity.sincity.BuildProblemDataWithCustomComparatorTest" time="0"/>
  <testcase name="testGetRelevantBuildProblems" classname="sferencik.teamcity.sincity.CulpritFinderTest" time="0.09"/>
  <testcase name="test00EmptyHistory" classname="sferencik.teamcity.sincity.failureCulpritOverview.AnalyserTest" time="0.023"/>
  <testcase name="test01NoOutstandingFailures" classname="sferencik.teamcity.sincity.failureCulpritOverview.AnalyserTest" time="0.048"/>
  <testcase name="test02OneChangeOneBuild" classname="sferencik.teamcity.sincity.failureCulpritOverview.AnalyserTest" time="0.024"/>
  <testcase name="test03NoChangeOneBuild" classname="sferencik.teamcity.sincity.failureCulpritOverview.AnalyserTest" time="0.002"/>
  <testcase name="test04MultipleChangesOneBuild" classname="sferencik.teamcity.sincity.failureCulpritOverview.AnalyserTest" time="0.003"/>
  <testcase name="test05FailingRecently" classname="sferencik.teamcity.sincity.failureCulpritOverview.AnalyserTest" time="0.003"/>
  <testcase name="test06NewTest" classname="sferencik.teamcity.sincity.failureCulpritOverview.AnalyserTest" time="0.007"/>
  <testcase name="test10Regression" classname="sferencik.teamcity.sincity.failureCulpritOverview.AnalyserTest" time="0.001"/>
  <testcase name="test01LinearHistory" classname="sferencik.teamcity.sincity.FinishedBuildWithChangesTest" time="0.003"/>
  <testcase name="test02RepeatedBuild" classname="sferencik.teamcity.sincity.FinishedBuildWithChangesTest" time="0.001"/>
  <testcase name="test03CulpritFinderForward" classname="sferencik.teamcity.sincity.FinishedBuildWithChangesTest" time="0.001"/>
  <testcase name="test04CulpritFinderBackward" classname="sferencik.teamcity.sincity.FinishedBuildWithChangesTest" time="0.001"/>
  <testcase name="test05NoChanges" classname="sferencik.teamcity.sincity.FinishedBuildWithChangesTest" time="0"/>
</testsuite>